android/app/build/intermediates/manifest_merge_blame_file/debug/manifest-merger-blame-debug-report.txt
1<?xml version="1.0" encoding="utf-8"?>
2<manifest xmlns:android="http://schemas.android.com/apk/res/android"
3    package="com.albertaadmin_v2"
4    android:versionCode="1"
5    android:versionName="1.0" >
6
7    <uses-sdk
8        android:minSdkVersion="21"
9        android:targetSdkVersion="29" />
10
11    <uses-permission android:name="android.permission.SYSTEM_ALERT_WINDOW" />
11-->src\debug\AndroidManifest.xml:5:5-77
11-->src\debug\AndroidManifest.xml:5:22-75
12    <uses-permission android:name="android.permission.CAMERA" />
12-->src\main\AndroidManifest.xml:5:5-65
12-->src\main\AndroidManifest.xml:5:22-62
13    <uses-permission android:name="android.permission.INTERNET" />
13-->src\main\AndroidManifest.xml:4:5-67
13-->src\main\AndroidManifest.xml:4:22-64
14    <uses-permission android:name="android.permission.ACCESS_WIFI_STATE" />
14-->[com.facebook.flipper:flipper:0.75.1] AndroidManifest.xml:16:5-76
14-->[com.facebook.flipper:flipper:0.75.1] AndroidManifest.xml:16:22-73
15
16    <uses-feature
16-->[:react-native-camera] AndroidManifest.xml:11:5-13:36
17        android:name="android.hardware.camera"
17-->[:react-native-camera] AndroidManifest.xml:12:9-47
18        android:required="false" />
18-->[:react-native-camera] AndroidManifest.xml:13:9-33
19    <uses-feature
19-->[:react-native-camera] AndroidManifest.xml:14:5-16:36
20        android:name="android.hardware.camera.autofocus"
20-->[:react-native-camera] AndroidManifest.xml:15:9-57
21        android:required="false" />
21-->[:react-native-camera] AndroidManifest.xml:16:9-33
22
23    <uses-permission android:name="android.permission.WRITE_EXTERNAL_STORAGE" />
23-->[:react-native-fs] AndroidManifest.xml:11:5-81
23-->[:react-native-fs] AndroidManifest.xml:11:22-78
24    <uses-permission android:name="android.permission.USE_FINGERPRINT" /> <!-- Although the *SdkVersion is captured in gradle build files, this is required for non gradle builds -->
24-->[:react-native-touch-id] AndroidManifest.xml:11:5-74
24-->[:react-native-touch-id] AndroidManifest.xml:11:22-71
25    <!-- <uses-sdk android:minSdkVersion="14"/> -->
26    <uses-permission android:name="android.permission.ACCESS_NETWORK_STATE" />
26-->[com.google.android.datatransport:transport-backend-cct:2.3.3] AndroidManifest.xml:25:5-79
26-->[com.google.android.datatransport:transport-backend-cct:2.3.3] AndroidManifest.xml:25:22-76
27
28    <application
28-->src\main\AndroidManifest.xml:7:5-25:19
29        android:name="com.albertaadmin_v2.MainApplication"
29-->src\main\AndroidManifest.xml:8:7-38
30        android:allowBackup="false"
30-->src\main\AndroidManifest.xml:12:7-34
31        android:appComponentFactory="androidx.core.app.CoreComponentFactory"
31-->[androidx.core:core:1.2.0] AndroidManifest.xml:24:18-86
32        android:debuggable="true"
33        android:icon="@mipmap/ic_launcher"
33-->src\main\AndroidManifest.xml:10:7-41
34        android:label="@string/app_name"
34-->src\main\AndroidManifest.xml:9:7-39
35        android:roundIcon="@mipmap/ic_launcher_round"
35-->src\main\AndroidManifest.xml:11:7-52
36        android:theme="@style/AppTheme"
36-->src\main\AndroidManifest.xml:13:7-38
37        android:usesCleartextTraffic="true" >
37-->src\debug\AndroidManifest.xml:9:9-44
38        <activity android:name="com.facebook.react.devsupport.DevSettingsActivity" />
38-->src\debug\AndroidManifest.xml:12:9-86
38-->src\debug\AndroidManifest.xml:12:19-83
39        <activity
39-->src\main\AndroidManifest.xml:14:7-24:18
40            android:name="com.albertaadmin_v2.MainActivity"
40-->src\main\AndroidManifest.xml:15:9-37
41            android:configChanges="keyboard|keyboardHidden|orientation|screenSize|uiMode"
41-->src\main\AndroidManifest.xml:17:9-86
42            android:label="@string/app_name"
42-->src\main\AndroidManifest.xml:16:9-41
43            android:launchMode="singleTask"
43-->src\main\AndroidManifest.xml:18:9-40
44            android:windowSoftInputMode="adjustResize" >
44-->src\main\AndroidManifest.xml:19:9-51
45            <intent-filter>
45-->src\main\AndroidManifest.xml:20:9-23:25
46                <action android:name="android.intent.action.MAIN" />
46-->src\main\AndroidManifest.xml:21:13-65
46-->src\main\AndroidManifest.xml:21:21-62
47
48                <category android:name="android.intent.category.LAUNCHER" />
48-->src\main\AndroidManifest.xml:22:13-73
48-->src\main\AndroidManifest.xml:22:23-70
49            </intent-filter>
50        </activity>
51
52        <provider
52-->[:react-native-image-picker] AndroidManifest.xml:10:9-18:20
53            android:name="com.imagepicker.FileProvider"
53-->[:react-native-image-picker] AndroidManifest.xml:11:13-56
54            android:authorities="com.albertaadmin_v2.provider"
54-->[:react-native-image-picker] AndroidManifest.xml:12:13-60
55            android:exported="false"
55-->[:react-native-image-picker] AndroidManifest.xml:13:13-37
56            android:grantUriPermissions="true" >
56-->[:react-native-image-picker] AndroidManifest.xml:14:13-47
57            <meta-data
57-->[:react-native-image-picker] AndroidManifest.xml:15:13-17:58
58                android:name="android.support.FILE_PROVIDER_PATHS"
58-->[:react-native-image-picker] AndroidManifest.xml:16:17-67
59                android:resource="@xml/provider_paths" />
59-->[:react-native-image-picker] AndroidManifest.xml:17:17-55
60        </provider>
61        <provider
61-->[:react-native-webview] AndroidManifest.xml:12:9-20:20
62            android:name="com.reactnativecommunity.webview.RNCWebViewFileProvider"
62-->[:react-native-webview] AndroidManifest.xml:13:13-83
63            android:authorities="com.albertaadmin_v2.fileprovider"
63-->[:react-native-webview] AndroidManifest.xml:14:13-64
64            android:exported="false"
64-->[:react-native-webview] AndroidManifest.xml:15:13-37
65            android:grantUriPermissions="true" >
65-->[:react-native-webview] AndroidManifest.xml:16:13-47
66            <meta-data
66-->[:react-native-image-picker] AndroidManifest.xml:15:13-17:58
67                android:name="android.support.FILE_PROVIDER_PATHS"
67-->[:react-native-image-picker] AndroidManifest.xml:16:17-67
68                android:resource="@xml/file_provider_paths" />
68-->[:react-native-image-picker] AndroidManifest.xml:17:17-55
69        </provider>
70
71        <service
71-->[com.google.android.gms:play-services-mlkit-barcode-scanning:16.2.0] AndroidManifest.xml:9:9-15:19
72            android:name="com.google.mlkit.common.internal.MlKitComponentDiscoveryService"
72-->[com.google.android.gms:play-services-mlkit-barcode-scanning:16.2.0] AndroidManifest.xml:10:13-91
73            android:directBootAware="true"
73-->[com.google.mlkit:common:17.2.0] AndroidManifest.xml:17:13-43
74            android:exported="false" >
74-->[com.google.android.gms:play-services-mlkit-barcode-scanning:16.2.0] AndroidManifest.xml:11:13-37
75            <meta-data
75-->[com.google.android.gms:play-services-mlkit-barcode-scanning:16.2.0] AndroidManifest.xml:12:13-14:85
76                android:name="com.google.firebase.components:com.google.mlkit.vision.barcode.internal.BarcodeRegistrar"
76-->[com.google.android.gms:play-services-mlkit-barcode-scanning:16.2.0] AndroidManifest.xml:13:17-120
77                android:value="com.google.firebase.components.ComponentRegistrar" />
77-->[com.google.android.gms:play-services-mlkit-barcode-scanning:16.2.0] AndroidManifest.xml:14:17-82
78            <meta-data
78-->[com.google.android.gms:play-services-mlkit-face-detection:16.2.0] AndroidManifest.xml:12:13-14:85
79                android:name="com.google.firebase.components:com.google.mlkit.vision.face.internal.FaceRegistrar"
79-->[com.google.android.gms:play-services-mlkit-face-detection:16.2.0] AndroidManifest.xml:13:17-114
80                android:value="com.google.firebase.components.ComponentRegistrar" />
80-->[com.google.android.gms:play-services-mlkit-face-detection:16.2.0] AndroidManifest.xml:14:17-82
81            <meta-data
81-->[com.google.android.gms:play-services-mlkit-text-recognition:16.3.0] AndroidManifest.xml:12:13-14:85
82                android:name="com.google.firebase.components:com.google.mlkit.vision.text.internal.TextRegistrar"
82-->[com.google.android.gms:play-services-mlkit-text-recognition:16.3.0] AndroidManifest.xml:13:17-114
83                android:value="com.google.firebase.components.ComponentRegistrar" />
83-->[com.google.android.gms:play-services-mlkit-text-recognition:16.3.0] AndroidManifest.xml:14:17-82
84            <meta-data
84-->[com.google.mlkit:vision-common:16.5.0] AndroidManifest.xml:12:13-14:85
85                android:name="com.google.firebase.components:com.google.mlkit.vision.common.internal.VisionCommonRegistrar"
85-->[com.google.mlkit:vision-common:16.5.0] AndroidManifest.xml:13:17-124
86                android:value="com.google.firebase.components.ComponentRegistrar" />
86-->[com.google.mlkit:vision-common:16.5.0] AndroidManifest.xml:14:17-82
87            <meta-data
87-->[com.google.mlkit:common:17.2.0] AndroidManifest.xml:20:13-22:85
88                android:name="com.google.firebase.components:com.google.mlkit.common.internal.CommonComponentRegistrar"
88-->[com.google.mlkit:common:17.2.0] AndroidManifest.xml:21:17-120
89                android:value="com.google.firebase.components.ComponentRegistrar" />
89-->[com.google.mlkit:common:17.2.0] AndroidManifest.xml:22:17-82
90        </service>
91
92        <provider
92-->[com.google.mlkit:common:17.2.0] AndroidManifest.xml:9:9-13:38
93            android:name="com.google.mlkit.common.internal.MlKitInitProvider"
93-->[com.google.mlkit:common:17.2.0] AndroidManifest.xml:10:13-78
94            android:authorities="com.albertaadmin_v2.mlkitinitprovider"
94-->[com.google.mlkit:common:17.2.0] AndroidManifest.xml:11:13-69
95            android:exported="false"
95-->[com.google.mlkit:common:17.2.0] AndroidManifest.xml:12:13-37
96            android:initOrder="99" />
96-->[com.google.mlkit:common:17.2.0] AndroidManifest.xml:13:13-35
97
98        <service
98-->[com.google.android.datatransport:transport-backend-cct:2.3.3] AndroidManifest.xml:29:9-35:19
99            android:name="com.google.android.datatransport.runtime.backends.TransportBackendDiscovery"
99-->[com.google.android.datatransport:transport-backend-cct:2.3.3] AndroidManifest.xml:30:13-103
100            android:exported="false" >
100-->[com.google.android.datatransport:transport-backend-cct:2.3.3] AndroidManifest.xml:31:13-37
101            <meta-data
101-->[com.google.android.datatransport:transport-backend-cct:2.3.3] AndroidManifest.xml:32:13-34:39
102                android:name="backend:com.google.android.datatransport.cct.CctBackendFactory"
102-->[com.google.android.datatransport:transport-backend-cct:2.3.3] AndroidManifest.xml:33:17-94
103                android:value="cct" />
103-->[com.google.android.datatransport:transport-backend-cct:2.3.3] AndroidManifest.xml:34:17-36
104        </service>
105        <service
105-->[com.google.android.datatransport:transport-runtime:2.2.6] AndroidManifest.xml:26:9-30:19
106            android:name="com.google.android.datatransport.runtime.scheduling.jobscheduling.JobInfoSchedulerService"
106-->[com.google.android.datatransport:transport-runtime:2.2.6] AndroidManifest.xml:27:13-117
107            android:exported="false"
107-->[com.google.android.datatransport:transport-runtime:2.2.6] AndroidManifest.xml:28:13-37
108            android:permission="android.permission.BIND_JOB_SERVICE" >
108-->[com.google.android.datatransport:transport-runtime:2.2.6] AndroidManifest.xml:29:13-69
109        </service>
110
111        <receiver
111-->[com.google.android.datatransport:transport-runtime:2.2.6] AndroidManifest.xml:32:9-34:40
112            android:name="com.google.android.datatransport.runtime.scheduling.jobscheduling.AlarmManagerSchedulerBroadcastReceiver"
112-->[com.google.android.datatransport:transport-runtime:2.2.6] AndroidManifest.xml:33:13-132
113            android:exported="false" />
113-->[com.google.android.datatransport:transport-runtime:2.2.6] AndroidManifest.xml:34:13-37
114
115        <activity
115-->[com.google.android.gms:play-services-base:17.6.0] AndroidManifest.xml:23:9-26:75
116            android:name="com.google.android.gms.common.api.GoogleApiActivity"
116-->[com.google.android.gms:play-services-base:17.6.0] AndroidManifest.xml:24:13-79
117            android:exported="false"
117-->[com.google.android.gms:play-services-base:17.6.0] AndroidManifest.xml:25:13-37
118            android:theme="@android:style/Theme.Translucent.NoTitleBar" />
118-->[com.google.android.gms:play-services-base:17.6.0] AndroidManifest.xml:26:13-72
119
120        <meta-data
120-->[com.google.android.gms:play-services-basement:17.6.0] AndroidManifest.xml:23:9-25:69
121            android:name="com.google.android.gms.version"
121-->[com.google.android.gms:play-services-basement:17.6.0] AndroidManifest.xml:24:13-58
122            android:value="@integer/google_play_services_version" />
122-->[com.google.android.gms:play-services-basement:17.6.0] AndroidManifest.xml:25:13-66
123    </application>
124
125</manifest>